CRITICAL - 2023-01-17 19:11:45 --> Invalid file: frontend/contact.php
in SYSTEMPATH\Exceptions\FrameworkException.php on line 33.
 1 SYSTEMPATH\View\View.php(201): CodeIgniter\Exceptions\FrameworkException::forInvalidFile('frontend/contact.php')
 2 SYSTEMPATH\Common.php(1135): CodeIgniter\View\View->render('frontend/contact', [], true)
 3 APPPATH\Controllers\Home.php(9): view('frontend/contact')
 4 SYSTEMPATH\CodeIgniter.php(925): App\Controllers\Home->index()
 5 SYSTEMPATH\CodeIgniter.php(480): CodeIgniter\CodeIgniter->runController(Object(App\Controllers\Home))
 6 SYSTEMPATH\CodeIgniter.php(349): CodeIgniter\CodeIgniter->handleRequest(null, Object(Config\Cache), false)
 7 FCPATH\index.php(67): CodeIgniter\CodeIgniter->run()
 8 SYSTEMPATH\Commands\Server\rewrite.php(47): require_once('FCPATH\\index.php')
CRITICAL - 2023-01-17 19:11:48 --> Invalid file: frontend/contact.php
in SYSTEMPATH\Exceptions\FrameworkException.php on line 33.
 1 SYSTEMPATH\View\View.php(201): CodeIgniter\Exceptions\FrameworkException::forInvalidFile('frontend/contact.php')
 2 SYSTEMPATH\Common.php(1135): CodeIgniter\View\View->render('frontend/contact', [], true)
 3 APPPATH\Controllers\Home.php(9): view('frontend/contact')
 4 SYSTEMPATH\CodeIgniter.php(925): App\Controllers\Home->index()
 5 SYSTEMPATH\CodeIgniter.php(480): CodeIgniter\CodeIgniter->runController(Object(App\Controllers\Home))
 6 SYSTEMPATH\CodeIgniter.php(349): CodeIgniter\CodeIgniter->handleRequest(null, Object(Config\Cache), false)
 7 FCPATH\index.php(67): CodeIgniter\CodeIgniter->run()
 8 SYSTEMPATH\Commands\Server\rewrite.php(47): require_once('FCPATH\\index.php')
